<?xml version="1.0" encoding="UTF-8"?>
<testsuite name="com.advantange.Advantage" tests="1" skipped="0" failures="0" errors="0" timestamp="2022-03-09T13:43:47" hostname="DESKTOP-3M08HEH" time="54.374">
  <properties/>
  <testcase name="search" classname="com.advantange.Advantage" time="54.374"/>
  <system-out><![CDATA[Thank you for buying with Advantage
]]></system-out>
  <system-err><![CDATA[Starting ChromeDriver 98.0.4758.102 (273bf7ac8c909cde36982d27f66f3c70846a3718-refs/branch-heads/4758@{#1151}) on port 45029
Only local connections are allowed.
Please see https://chromedriver.chromium.org/security-considerations for suggestions on keeping ChromeDriver safe.
ChromeDriver was started successfully.
[1646833429.898][WARNING]: This version of ChromeDriver has not been tested with Chrome version 99.
mar 09, 2022 8:43:50 AM org.openqa.selenium.remote.ProtocolHandshake createSession
INFORMACIÓN: Detected dialect: W3C
]]></system-err>
</testsuite>
